WARNING: iOutcomes ignored with soft sphere DEM.
PKDGRAV running on 20 processors.
pstRandSeedGenerator(): processor 0 random seed = 10350190642326907255
pstRandSeedGenerator(): processor 16 random seed = 7798221210627150777
pstRandSeedGenerator(): processor 8 random seed = 18079673187641408050
pstRandSeedGenerator(): processor 4 random seed = 3331366675516522849
pstRandSeedGenerator(): processor 12 random seed = 3439790941039206578
pstRandSeedGenerator(): processor 2 random seed = 3401111933948139075
pstRandSeedGenerator(): processor 18 random seed = 12639518426036946031
pstRandSeedGenerator(): processor 10 random seed = 4934940699005704173
pstRandSeedGenerator(): processor 6 random seed = 5801520155305979862
pstRandSeedGenerator(): processor 14 random seed = 15163520713545492185
pstRandSeedGenerator(): processor 1 random seed = 4279136087927637069
pstRandSeedGenerator(): processor 17 random seed = 17381700071303401879
pstRandSeedGenerator(): processor 9 random seed = 7747504350820296772
pstRandSeedGenerator(): processor 5 random seed = 15475317205161375087
pstRandSeedGenerator(): processor 13 random seed = 17399463484550019166
pstRandSeedGenerator(): processor 3 random seed = 14658999948343589261
pstRandSeedGenerator(): processor 19 random seed = 9766573388481715441
pstRandSeedGenerator(): processor 11 random seed = 6439996863276906794
pstRandSeedGenerator(): processor 7 random seed = 9813740937464945708
pstRandSeedGenerator(): processor 15 random seed = 4663003479343089739
NOTE: Times reported as "Wallclock" are in fact CPU times.
WARNING: No floating point exception trapping enabled
NOTE: MAX_NUM_OVERLAPS_PER_PARTICLE = 12
==> .dem head size = 24, data size = 1104 per particle
DEM_FIXED_BALL: Particles should be in INCREASING radius order.
Input file...N=996,Time=0.02
Simulation to Time:0.04
WARNING: time stamp in initial conditions is non-zero
==> assuming dTime = 0.0 instead.
Initializing DEM parameters...
DEM_FIXED_BALL: set to maximum radius: 6.6845871e-10
(use caution if any particle is a LOT bigger than the others)
DEM initialization complete, time = 0.008572 sec.
CnPreFac and CtPreFac calculated on pid 0
CnPreFac and CtPreFac calculated on pid 15
CnPreFac and CtPreFac calculated on pid 4
CnPreFac and CtPreFac calculated on pid 18
CnPreFac and CtPreFac calculated on pid 2
CnPreFac and CtPreFac calculated on pid 9
CnPreFac and CtPreFac calculated on pid 8
CnPreFac and CtPreFac calculated on pid 12
CnPreFac and CtPreFac calculated on pid 14
CnPreFac and CtPreFac calculated on pid 16
CnPreFac and CtPreFac calculated on pid 6
CnPreFac and CtPreFac calculated on pid 5
CnPreFac and CtPreFac calculated on pid 7
CnPreFac and CtPreFac calculated on pid 10
CnPreFac and CtPreFac calculated on pid 19
CnPreFac and CtPreFac calculated on pid 11
CnPreFac and CtPreFac calculated on pid 1
CnPreFac and CtPreFac calculated on pid 3
CnPreFac and CtPreFac calculated on pid 13
CnPreFac and CtPreFac calculated on pid 17
Integration complete
