WARNING: iOutcomes ignored with soft sphere DEM.
PKDGRAV running on 20 processors.
pstRandSeedGenerator(): processor 0 random seed = 13096644815358513074
pstRandSeedGenerator(): processor 16 random seed = 11157053792944145782
pstRandSeedGenerator(): processor 8 random seed = 12333157511591616164
pstRandSeedGenerator(): processor 4 random seed = 14405505477715862670
pstRandSeedGenerator(): processor 12 random seed = 16046727571433422519
pstRandSeedGenerator(): processor 2 random seed = 6018390971529977034
pstRandSeedGenerator(): processor 18 random seed = 17573100227123288162
pstRandSeedGenerator(): processor 10 random seed = 14733101185305786241
pstRandSeedGenerator(): processor 6 random seed = 15491000762586571578
pstRandSeedGenerator(): processor 14 random seed = 17605452530309661777
pstRandSeedGenerator(): processor 1 random seed = 2777002855636385993
pstRandSeedGenerator(): processor 17 random seed = 11817697454422049020
pstRandSeedGenerator(): processor 9 random seed = 12020835066100251754
pstRandSeedGenerator(): processor 5 random seed = 17503005535728281566
pstRandSeedGenerator(): processor 13 random seed = 895698362198525467
pstRandSeedGenerator(): processor 3 random seed = 18267250561040143067
pstRandSeedGenerator(): processor 19 random seed = 6995500056900176926
pstRandSeedGenerator(): processor 11 random seed = 2920471881705682886
pstRandSeedGenerator(): processor 7 random seed = 11539371031855293005
pstRandSeedGenerator(): processor 15 random seed = 3381226590679009087
NOTE: Times reported as "Wallclock" are in fact CPU times.
WARNING: No floating point exception trapping enabled
NOTE: MAX_NUM_OVERLAPS_PER_PARTICLE = 12
==> .dem head size = 24, data size = 1104 per particle
DEM_FIXED_BALL: Particles should be in INCREASING radius order.
Input file...N=996,Time=0
Simulation to Time:0.02
Initializing DEM parameters...
DEM_FIXED_BALL: set to maximum radius: 6.6845871e-10
(use caution if any particle is a LOT bigger than the others)
DEM initialization complete, time = 0.012749 sec.
CnPreFac and CtPreFac calculated on pid 1
CnPreFac and CtPreFac calculated on pid 11
CnPreFac and CtPreFac calculated on pid 9
CnPreFac and CtPreFac calculated on pid 19
CnPreFac and CtPreFac calculated on pid 3
CnPreFac and CtPreFac calculated on pid 18
CnPreFac and CtPreFac calculated on pid 15
CnPreFac and CtPreFac calculated on pid 2
CnPreFac and CtPreFac calculated on pid 0
CnPreFac and CtPreFac calculated on pid 13
CnPreFac and CtPreFac calculated on pid 16
CnPreFac and CtPreFac calculated on pid 10
CnPreFac and CtPreFac calculated on pid 4
CnPreFac and CtPreFac calculated on pid 5
CnPreFac and CtPreFac calculated on pid 7
CnPreFac and CtPreFac calculated on pid 14
CnPreFac and CtPreFac calculated on pid 17
CnPreFac and CtPreFac calculated on pid 6
CnPreFac and CtPreFac calculated on pid 8
CnPreFac and CtPreFac calculated on pid 12
Integration complete
