WARNING: iOutcomes ignored with soft sphere DEM.
PKDGRAV running on 20 processors.
pstRandSeedGenerator(): processor 0 random seed = 15017404990378896191
pstRandSeedGenerator(): processor 16 random seed = 353910504007217482
pstRandSeedGenerator(): processor 8 random seed = 1557311385713324056
pstRandSeedGenerator(): processor 4 random seed = 1918407065839477801
pstRandSeedGenerator(): processor 12 random seed = 3582601893151221998
pstRandSeedGenerator(): processor 2 random seed = 17376020970827352897
pstRandSeedGenerator(): processor 18 random seed = 16535774946320586500
pstRandSeedGenerator(): processor 10 random seed = 5824083471675942495
pstRandSeedGenerator(): processor 6 random seed = 11847445375825547373
pstRandSeedGenerator(): processor 14 random seed = 13627290712811615242
pstRandSeedGenerator(): processor 1 random seed = 4737199309271119910
pstRandSeedGenerator(): processor 17 random seed = 1250489365096889775
pstRandSeedGenerator(): processor 9 random seed = 9857822740562388710
pstRandSeedGenerator(): processor 5 random seed = 10630490571429123915
pstRandSeedGenerator(): processor 13 random seed = 15011897032724211337
pstRandSeedGenerator(): processor 3 random seed = 15309180674329369389
pstRandSeedGenerator(): processor 19 random seed = 4778040922722621934
pstRandSeedGenerator(): processor 11 random seed = 18299483626425016568
pstRandSeedGenerator(): processor 7 random seed = 17509003838974441447
pstRandSeedGenerator(): processor 15 random seed = 5384808140487551077
NOTE: Times reported as "Wallclock" are in fact CPU times.
WARNING: No floating point exception trapping enabled
NOTE: MAX_NUM_OVERLAPS_PER_PARTICLE = 12
==> .dem head size = 24, data size = 1104 per particle
DEM_FIXED_BALL: Particles should be in INCREASING radius order.
Input file...N=996,Time=0
Simulation to Time:0.02
Initializing DEM parameters...
DEM_FIXED_BALL: set to maximum radius: 6.6845871e-10
(use caution if any particle is a LOT bigger than the others)
DEM initialization complete, time = 0.018011 sec.
CnPreFac and CtPreFac calculated on pid 3
CnPreFac and CtPreFac calculated on pid 2
CnPreFac and CtPreFac calculated on pid 9
CnPreFac and CtPreFac calculated on pid 1
CnPreFac and CtPreFac calculated on pid 7
CnPreFac and CtPreFac calculated on pid 18
CnPreFac and CtPreFac calculated on pid 14
CnPreFac and CtPreFac calculated on pid 15
CnPreFac and CtPreFac calculated on pid 13
CnPreFac and CtPreFac calculated on pid 0
CnPreFac and CtPreFac calculated on pid 5
CnPreFac and CtPreFac calculated on pid 11
CnPreFac and CtPreFac calculated on pid 10
CnPreFac and CtPreFac calculated on pid 16
CnPreFac and CtPreFac calculated on pid 8
CnPreFac and CtPreFac calculated on pid 19
CnPreFac and CtPreFac calculated on pid 4
CnPreFac and CtPreFac calculated on pid 17
CnPreFac and CtPreFac calculated on pid 6
CnPreFac and CtPreFac calculated on pid 12
slurmstepd: error: *** JOB 49861282 ON suv001 CANCELLED AT 2024-01-11T18:10:00 ***
